<?xml version="1.0" encoding="UTF-8"?>
<!-- Generated by org.testng.reporters.JUnitReportReporter -->
<testsuite hostname="MAVBCP3512" failures="0" tests="1" name="mavenSeleniumGA.Time" time="19.444" errors="0" timestamp="2021-10-11T01:11:22 IST" skipped="0">
  <testcase classname="mavenSeleniumGA.Time" name="seleniumT" time="19.444"/>
  <system-out/>
</testsuite> <!-- mavenSeleniumGA.Time -->
