<?xml version="1.0" encoding="UTF-8"?>
<!-- Generated by org.testng.reporters.JUnitReportReporter -->
<testsuite skipped="0" hostname="MAVBCP3512" name="mavenSeleniumGA.Run" tests="1" failures="0" timestamp="2021-10-14T00:28:45 IST" time="17.227" errors="0">
  <testcase name="execution" time="17.227" classname="mavenSeleniumGA.Run"/>
  <system-out/>
</testsuite> <!-- mavenSeleniumGA.Run -->
