<?xml version="1.0" encoding="UTF-8"?>
<!-- Generated by org.testng.reporters.JUnitReportReporter -->
<testsuite hostname="MAVBCP3512" failures="0" tests="1" name="mavenSeleniumGA.Recruitment" time="27.931" errors="0" timestamp="2021-10-11T01:03:05 IST" skipped="0">
  <testcase classname="mavenSeleniumGA.Recruitment" name="recruitment1" time="27.931"/>
  <system-out/>
</testsuite> <!-- mavenSeleniumGA.Recruitment -->
