<?xml version="1.0" encoding="UTF-8"?>
<!-- Generated by org.testng.reporters.JUnitReportReporter -->
<testsuite hostname="MAVBCP3512" failures="0" tests="1" name="mavenSeleniumGA.Leave" time="21.495" errors="0" timestamp="2021-10-10T23:57:21 IST" skipped="0">
  <testcase classname="mavenSeleniumGA.Leave" name="leavemethod" time="21.495"/>
  <system-out/>
</testsuite> <!-- mavenSeleniumGA.Leave -->
