<?xml version="1.0" encoding="UTF-8"?>
<!-- Generated by org.testng.reporters.JUnitReportReporter -->
<testsuite hostname="MAVBCP3512" failures="0" tests="2" name="mavenSeleniumGA.LogInPage" time="43.565" errors="0" timestamp="2021-10-10T11:51:41 IST" skipped="0">
  <testcase classname="mavenSeleniumGA.LogInPage" name="run" time="22.343"/>
  <system-out/>
  <testcase classname="mavenSeleniumGA.LogInPage" name="run" time="21.222"/>
  <system-out/>
</testsuite> <!-- mavenSeleniumGA.LogInPage -->
