<?xml version="1.0" encoding="UTF-8"?>
<!-- Generated by org.testng.reporters.JUnitReportReporter -->
<testsuite hostname="MAVBCP3512" failures="0" tests="1" name="mavenSeleniumGA.Directory" time="21.535" errors="0" timestamp="2021-10-11T02:11:02 IST" skipped="0">
  <testcase classname="mavenSeleniumGA.Directory" name="Directory1" time="21.535"/>
  <system-out/>
</testsuite> <!-- mavenSeleniumGA.Directory -->
