<?xml version="1.0" encoding="UTF-8"?>
<!-- Generated by org.testng.reporters.JUnitReportReporter -->
<testsuite skipped="0" hostname="MAVBCP3512" name="mavenSeleniumGA.Run" tests="1" failures="0" timestamp="2021-10-13T09:58:07 IST" time="14.569" errors="0">
  <testcase name="execution" time="14.569" classname="mavenSeleniumGA.Run"/>
  <system-out/>
</testsuite> <!-- mavenSeleniumGA.Run -->
