<?xml version="1.0" encoding="UTF-8"?>
<!-- Generated by org.testng.reporters.JUnitReportReporter -->
<testsuite hostname="MAVBCP3512" failures="0" tests="1" name="mavenSeleniumGA.Alert" time="12.218" errors="0" timestamp="2021-10-11T15:13:36 IST" skipped="0">
  <testcase classname="mavenSeleniumGA.Alert" name="meth" time="12.218"/>
  <system-out/>
</testsuite> <!-- mavenSeleniumGA.Alert -->
